::1 - - [07/Jun/2022:22:14:20 +0300] "GET / HTTP/1.1" 200 411
::1 - - [07/Jun/2022:22:14:29 +0300] "GET /lab4/ HTTP/1.1" 200 77780
::1 - - [07/Jun/2022:22:15:12 +0300] "GET /lab4/ HTTP/1.1" 200 78017
::1 - - [07/Jun/2022:22:17:07 +0300] "GET /lab4/index.php HTTP/1.1" 200 74084
::1 - - [07/Jun/2022:22:17:14 +0300] "GET /lab4/index.php HTTP/1.1" 200 74084
::1 - - [07/Jun/2022:22:18:14 +0300] "-" 408 -
::1 - - [07/Jun/2022:22:22:51 +0300] "GET / HTTP/1.1" 200 411
::1 - - [07/Jun/2022:22:22:53 +0300] "GET /lab4/ HTTP/1.1" 200 348
::1 - - [07/Jun/2022:22:23:17 +0300] "GET /lab4/ HTTP/1.1" 200 346
::1 - - [07/Jun/2022:22:23:17 +0300] "GET /lab4/ HTTP/1.1" 200 346
::1 - - [07/Jun/2022:22:24:17 +0300] "-" 408 -
::1 - - [07/Jun/2022:22:24:25 +0300] "GET /lab4/ HTTP/1.1" 200 346
::1 - - [07/Jun/2022:22:24:25 +0300] "GET /lab4/ HTTP/1.1" 200 346
::1 - - [07/Jun/2022:22:24:38 +0300] "GET /lab4/ HTTP/1.1" 200 316
::1 - - [07/Jun/2022:22:25:38 +0300] "-" 408 -
::1 - - [07/Jun/2022:22:26:44 +0300] "GET /lab4/ HTTP/1.1" 200 399
::1 - - [07/Jun/2022:22:27:30 +0300] "GET /lab4/ HTTP/1.1" 200 433
::1 - - [07/Jun/2022:22:28:30 +0300] "-" 408 -
::1 - - [07/Jun/2022:22:30:04 +0300] "GET /lab4/ HTTP/1.1" 200 786
::1 - - [07/Jun/2022:22:30:21 +0300] "GET /lab4/ HTTP/1.1" 200 708
::1 - - [07/Jun/2022:22:31:13 +0300] "GET /lab4/ HTTP/1.1" 200 740
::1 - - [07/Jun/2022:22:31:20 +0300] "GET /lab4/ HTTP/1.1" 200 749
::1 - - [07/Jun/2022:22:32:01 +0300] "GET /lab4/ HTTP/1.1" 200 788
::1 - - [07/Jun/2022:22:33:01 +0300] "-" 408 -
::1 - - [07/Jun/2022:22:35:47 +0300] "GET /lab4/ HTTP/1.1" 200 884
::1 - - [07/Jun/2022:22:36:47 +0300] "-" 408 -
::1 - - [07/Jun/2022:22:39:57 +0300] "GET /lab4/ HTTP/1.1" 200 1100
::1 - - [07/Jun/2022:22:40:52 +0300] "GET /lab4/ HTTP/1.1" 200 903
::1 - - [07/Jun/2022:22:41:52 +0300] "-" 408 -
::1 - - [07/Jun/2022:22:43:22 +0300] "GET /lab4/ HTTP/1.1" 200 1014
::1 - - [07/Jun/2022:22:44:22 +0300] "-" 408 -
::1 - - [07/Jun/2022:22:44:27 +0300] "GET /lab4/ HTTP/1.1" 200 1034
::1 - - [07/Jun/2022:22:45:14 +0300] "GET /lab4/ HTTP/1.1" 200 1028
::1 - - [07/Jun/2022:22:46:14 +0300] "-" 408 -
::1 - - [07/Jun/2022:22:46:27 +0300] "GET /lab4/ HTTP/1.1" 200 1020
::1 - - [07/Jun/2022:22:47:27 +0300] "-" 408 -
::1 - - [07/Jun/2022:22:50:12 +0300] "GET /lab4/ HTTP/1.1" 200 1053
::1 - - [07/Jun/2022:22:51:12 +0300] "-" 408 -
::1 - - [07/Jun/2022:22:52:53 +0300] "GET /lab4/ HTTP/1.1" 200 1113
::1 - - [07/Jun/2022:22:53:53 +0300] "-" 408 -
::1 - - [07/Jun/2022:22:53:54 +0300] "GET /lab4/ HTTP/1.1" 200 1122
::1 - - [07/Jun/2022:22:54:10 +0300] "GET /lab4/ HTTP/1.1" 200 1128
::1 - - [07/Jun/2022:22:55:10 +0300] "-" 408 -
::1 - - [07/Jun/2022:23:01:03 +0300] "GET /lab4/ HTTP/1.1" 200 1395
::1 - - [07/Jun/2022:23:01:54 +0300] "GET /lab4/ HTTP/1.1" 200 1379
::1 - - [07/Jun/2022:23:02:01 +0300] "GET /lab4/ HTTP/1.1" 200 1201
::1 - - [07/Jun/2022:23:02:39 +0300] "GET /lab4/ HTTP/1.1" 200 1201
::1 - - [07/Jun/2022:23:02:49 +0300] "GET /lab4/ HTTP/1.1" 200 196
::1 - - [07/Jun/2022:23:02:55 +0300] "GET / HTTP/1.1" 200 411
::1 - - [07/Jun/2022:23:02:57 +0300] "GET /lab4/ HTTP/1.1" 200 1202
::1 - - [07/Jun/2022:23:03:13 +0300] "GET /lab4/ HTTP/1.1" 200 1201
::1 - - [07/Jun/2022:23:03:13 +0300] "GET /lab4/ HTTP/1.1" 200 1201
::1 - - [07/Jun/2022:23:04:13 +0300] "-" 408 -
::1 - - [07/Jun/2022:23:04:45 +0300] "GET /lab4/ HTTP/1.1" 200 1206
::1 - - [07/Jun/2022:23:04:53 +0300] "GET /lab4/ HTTP/1.1" 200 1211
::1 - - [07/Jun/2022:23:05:53 +0300] "-" 408 -
::1 - - [07/Jun/2022:23:06:15 +0300] "GET /lab4/ HTTP/1.1" 200 119
::1 - - [07/Jun/2022:23:06:36 +0300] "GET /lab4/ HTTP/1.1" 200 1388
::1 - - [07/Jun/2022:23:07:02 +0300] "GET /lab4/ HTTP/1.1" 200 1256
::1 - - [07/Jun/2022:23:08:02 +0300] "-" 408 -
::1 - - [07/Jun/2022:23:08:50 +0300] "GET /lab4/ HTTP/1.1" 200 1462
::1 - - [07/Jun/2022:23:09:37 +0300] "GET /lab4/ HTTP/1.1" 200 1307
::1 - - [07/Jun/2022:23:10:03 +0300] "GET /lab4/ HTTP/1.1" 200 1310
::1 - - [07/Jun/2022:23:11:03 +0300] "-" 408 -
::1 - - [07/Jun/2022:23:11:41 +0300] "GET /lab4/ HTTP/1.1" 200 1393
::1 - - [07/Jun/2022:23:11:58 +0300] "GET /lab4/ HTTP/1.1" 200 1420
::1 - - [07/Jun/2022:23:12:58 +0300] "-" 408 -
::1 - - [07/Jun/2022:23:13:07 +0300] "GET /lab4/ HTTP/1.1" 200 1495
::1 - - [07/Jun/2022:23:14:07 +0300] "-" 408 -
::1 - - [07/Jun/2022:23:27:22 +0300] "GET /lab4/ HTTP/1.1" 200 1612
::1 - - [07/Jun/2022:23:27:23 +0300] "GET /lab4/ HTTP/1.1" 200 1612
::1 - - [07/Jun/2022:23:28:22 +0300] "-" 408 -
::1 - - [07/Jun/2022:23:34:28 +0300] "GET / HTTP/1.1" 200 411
::1 - - [07/Jun/2022:23:34:31 +0300] "GET /lab4/ HTTP/1.1" 200 1703
::1 - - [07/Jun/2022:23:34:39 +0300] "GET /lab4/ HTTP/1.1" 200 1704
::1 - - [07/Jun/2022:23:34:50 +0300] "GET /lab4/ HTTP/1.1" 200 1704
::1 - - [07/Jun/2022:23:35:50 +0300] "-" 408 -
::1 - - [08/Jun/2022:09:08:36 +0300] "GET / HTTP/1.1" 200 455
::1 - - [08/Jun/2022:09:08:38 +0300] "GET /lab4/ HTTP/1.1" 200 1706
::1 - - [08/Jun/2022:09:08:42 +0300] "GET /src/ HTTP/1.1" 200 4172
::1 - - [08/Jun/2022:09:08:42 +0300] "GET /src/frontend/css/style.css HTTP/1.1" 200 2220
::1 - - [08/Jun/2022:09:08:42 +0300] "GET /src/frontend/js/announcement.js HTTP/1.1" 200 4704
::1 - - [08/Jun/2022:09:08:42 +0300] "GET /src/images/menu-hambuger.svg HTTP/1.1" 404 196
::1 - - [08/Jun/2022:09:08:42 +0300] "GET /src/images/planet-earth.svg HTTP/1.1" 404 196
::1 - - [08/Jun/2022:09:08:42 +0300] "GET /src/frontend/css/banner.css HTTP/1.1" 200 2409
::1 - - [08/Jun/2022:09:08:42 +0300] "GET /src/frontend/css/filters.css HTTP/1.1" 200 18764
::1 - - [08/Jun/2022:09:08:42 +0300] "GET /src/frontend/css/footer.css HTTP/1.1" 200 577
::1 - - [08/Jun/2022:09:08:42 +0300] "GET /src/frontend/css/header.css HTTP/1.1" 200 3083
::1 - - [08/Jun/2022:09:08:42 +0300] "GET /src/frontend/css/annoumcments.css HTTP/1.1" 200 9891
::1 - - [08/Jun/2022:09:08:42 +0300] "GET /src/frontend/css/auth.css HTTP/1.1" 200 2247
::1 - - [08/Jun/2022:09:08:43 +0300] "GET /src/frontend/images/planet-earth.svg HTTP/1.1" 200 16108
::1 - - [08/Jun/2022:09:08:43 +0300] "GET /src/frontend/images/double-down.png HTTP/1.1" 200 380
::1 - - [08/Jun/2022:09:08:43 +0300] "GET /src/frontend/images/banner-image.png HTTP/1.1" 200 56147
::1 - - [08/Jun/2022:09:08:43 +0300] "GET /src/frontend/images/heart.svg HTTP/1.1" 200 647
::1 - - [08/Jun/2022:09:08:43 +0300] "GET /src/frontend/images/person.png HTTP/1.1" 200 1433
::1 - - [08/Jun/2022:09:08:43 +0300] "GET /src/frontend/images/place-image1.png HTTP/1.1" 200 59225
::1 - - [08/Jun/2022:09:08:43 +0300] "GET /src/frontend/images/rubbish-images.jpeg HTTP/1.1" 200 224321
::1 - - [08/Jun/2022:09:09:29 +0300] "GET /src/ HTTP/1.1" 200 4172
::1 - - [08/Jun/2022:09:09:29 +0300] "GET /src/images/planet-earth.svg HTTP/1.1" 404 196
::1 - - [08/Jun/2022:09:09:29 +0300] "GET /src/images/menu-hambuger.svg HTTP/1.1" 404 196
::1 - - [08/Jun/2022:09:40:31 +0300] "GET /src/frontend/css/style.css HTTP/1.1" 304 -
::1 - - [08/Jun/2022:09:40:31 +0300] "GET /src/images/planet-earth.svg HTTP/1.1" 404 196
::1 - - [08/Jun/2022:09:40:31 +0300] "GET /src/images/menu-hambuger.svg HTTP/1.1" 404 196
::1 - - [08/Jun/2022:09:40:31 +0300] "GET /src/frontend/js/announcement.js HTTP/1.1" 304 -
::1 - - [08/Jun/2022:09:40:31 +0300] "GET /src/frontend/css/filters.css HTTP/1.1" 304 -
::1 - - [08/Jun/2022:09:40:31 +0300] "GET /src/frontend/css/banner.css HTTP/1.1" 304 -
::1 - - [08/Jun/2022:09:40:31 +0300] "GET /src/frontend/css/footer.css HTTP/1.1" 304 -
::1 - - [08/Jun/2022:09:40:31 +0300] "GET /src/frontend/css/header.css HTTP/1.1" 304 -
::1 - - [08/Jun/2022:09:40:31 +0300] "GET /src/frontend/css/auth.css HTTP/1.1" 304 -
::1 - - [08/Jun/2022:09:40:31 +0300] "GET /src/frontend/css/annoumcments.css HTTP/1.1" 304 -
::1 - - [08/Jun/2022:09:40:31 +0300] "GET /src/frontend/images/double-down.png HTTP/1.1" 304 -
::1 - - [08/Jun/2022:09:40:31 +0300] "GET /src/frontend/images/banner-image.png HTTP/1.1" 304 -
::1 - - [08/Jun/2022:09:40:31 +0300] "GET /src/frontend/images/person.png HTTP/1.1" 304 -
::1 - - [08/Jun/2022:09:40:31 +0300] "GET /src/frontend/images/place-image1.png HTTP/1.1" 304 -
::1 - - [08/Jun/2022:09:40:31 +0300] "GET /src/frontend/images/rubbish-images.jpeg HTTP/1.1" 304 -
::1 - - [08/Jun/2022:09:40:31 +0300] "GET /src/frontend/images/planet-earth.svg HTTP/1.1" 304 -
::1 - - [08/Jun/2022:09:40:31 +0300] "GET /src/frontend/images/heart.svg HTTP/1.1" 304 -
::1 - - [08/Jun/2022:09:40:32 +0300] "GET /favicon.ico HTTP/1.1" 404 196
::1 - - [08/Jun/2022:09:41:11 +0300] "GET /src/ HTTP/1.1" 200 1314
::1 - - [08/Jun/2022:09:41:11 +0300] "GET /src/images/planet-earth.svg HTTP/1.1" 404 196
::1 - - [08/Jun/2022:09:43:10 +0300] "GET /src/ HTTP/1.1" 200 623
::1 - - [08/Jun/2022:09:43:10 +0300] "GET /src/ HTTP/1.1" 200 623
::1 - - [08/Jun/2022:09:43:18 +0300] "GET /src/ HTTP/1.1" 200 1314
::1 - - [08/Jun/2022:09:43:18 +0300] "GET /src/images/planet-earth.svg HTTP/1.1" 404 196
::1 - - [08/Jun/2022:09:44:28 +0300] "GET /src/ HTTP/1.1" 200 1314
::1 - - [08/Jun/2022:09:44:28 +0300] "GET /src/images/planet-earth.svg HTTP/1.1" 404 196
::1 - - [08/Jun/2022:09:44:29 +0300] "GET /src/ HTTP/1.1" 200 1314
::1 - - [08/Jun/2022:09:44:29 +0300] "GET /src/images/planet-earth.svg HTTP/1.1" 404 196
::1 - - [08/Jun/2022:09:44:29 +0300] "GET /src/ HTTP/1.1" 200 1314
::1 - - [08/Jun/2022:09:44:29 +0300] "GET /src/images/planet-earth.svg HTTP/1.1" 404 196
::1 - - [08/Jun/2022:09:44:29 +0300] "GET /src/ HTTP/1.1" 200 1314
::1 - - [08/Jun/2022:09:44:29 +0300] "GET /src/images/planet-earth.svg HTTP/1.1" 404 196
::1 - - [08/Jun/2022:09:44:35 +0300] "GET /src/index.php HTTP/1.1" 200 1314
::1 - - [08/Jun/2022:09:44:35 +0300] "GET /src/images/planet-earth.svg HTTP/1.1" 404 196
::1 - - [08/Jun/2022:09:48:46 +0300] "GET /src/index.php HTTP/1.1" 200 1216
::1 - - [08/Jun/2022:09:48:46 +0300] "GET /src/images/planet-earth.svg HTTP/1.1" 404 196
::1 - - [08/Jun/2022:09:48:46 +0300] "GET /src/index.php HTTP/1.1" 200 1216
::1 - - [08/Jun/2022:09:48:46 +0300] "GET /src/images/planet-earth.svg HTTP/1.1" 404 196
::1 - - [08/Jun/2022:09:51:33 +0300] "GET /src/index.php HTTP/1.1" 200 1216
::1 - - [08/Jun/2022:09:51:33 +0300] "GET /src/frontend/css/style.css HTTP/1.1" 304 -
::1 - - [08/Jun/2022:09:51:33 +0300] "GET /src/images/planet-earth.svg HTTP/1.1" 404 196
::1 - - [08/Jun/2022:09:51:33 +0300] "GET /src/frontend/css/banner.css HTTP/1.1" 304 -
::1 - - [08/Jun/2022:09:51:33 +0300] "GET /src/frontend/css/filters.css HTTP/1.1" 304 -
::1 - - [08/Jun/2022:09:51:33 +0300] "GET /src/frontend/css/header.css HTTP/1.1" 304 -
::1 - - [08/Jun/2022:09:51:33 +0300] "GET /src/frontend/css/annoumcments.css HTTP/1.1" 304 -
::1 - - [08/Jun/2022:09:51:33 +0300] "GET /src/frontend/css/footer.css HTTP/1.1" 304 -
::1 - - [08/Jun/2022:09:51:33 +0300] "GET /src/frontend/css/auth.css HTTP/1.1" 304 -
::1 - - [08/Jun/2022:09:51:33 +0300] "GET /src/frontend/images/planet-earth.svg HTTP/1.1" 304 -
::1 - - [08/Jun/2022:09:51:33 +0300] "GET /src/index.php HTTP/1.1" 200 1216
::1 - - [08/Jun/2022:09:51:33 +0300] "GET /src/images/planet-earth.svg HTTP/1.1" 404 196
::1 - - [08/Jun/2022:09:51:34 +0300] "GET /src/index.php HTTP/1.1" 200 1216
::1 - - [08/Jun/2022:09:51:34 +0300] "GET /src/images/planet-earth.svg HTTP/1.1" 404 196
::1 - - [08/Jun/2022:09:51:34 +0300] "GET /src/index.php HTTP/1.1" 200 1216
::1 - - [08/Jun/2022:09:51:34 +0300] "GET /src/images/planet-earth.svg HTTP/1.1" 404 196
::1 - - [08/Jun/2022:09:55:04 +0300] "GET /src/index.php HTTP/1.1" 200 71758
::1 - - [08/Jun/2022:10:04:07 +0300] "GET /src/index.php HTTP/1.1" 200 1212
::1 - - [08/Jun/2022:10:04:07 +0300] "GET /src/frontend/css/style.css HTTP/1.1" 304 -
::1 - - [08/Jun/2022:10:04:07 +0300] "GET /src/images/planet-earth.svg HTTP/1.1" 404 196
::1 - - [08/Jun/2022:10:04:07 +0300] "GET /src/frontend/css/banner.css HTTP/1.1" 304 -
::1 - - [08/Jun/2022:10:04:07 +0300] "GET /src/frontend/css/filters.css HTTP/1.1" 304 -
::1 - - [08/Jun/2022:10:04:07 +0300] "GET /src/frontend/css/footer.css HTTP/1.1" 304 -
::1 - - [08/Jun/2022:10:04:07 +0300] "GET /src/frontend/css/header.css HTTP/1.1" 304 -
::1 - - [08/Jun/2022:10:04:07 +0300] "GET /src/frontend/css/auth.css HTTP/1.1" 304 -
::1 - - [08/Jun/2022:10:04:07 +0300] "GET /src/frontend/css/annoumcments.css HTTP/1.1" 304 -
::1 - - [08/Jun/2022:10:04:07 +0300] "GET /src/frontend/images/planet-earth.svg HTTP/1.1" 304 -
::1 - - [08/Jun/2022:10:05:07 +0300] "-" 408 -
::1 - - [08/Jun/2022:10:12:26 +0300] "GET /src/index.php HTTP/1.1" 200 1212
::1 - - [08/Jun/2022:10:12:26 +0300] "GET /src/images/planet-earth.svg HTTP/1.1" 404 196
::1 - - [08/Jun/2022:10:12:26 +0300] "GET /src/index.php HTTP/1.1" 200 1212
::1 - - [08/Jun/2022:10:12:26 +0300] "GET /src/images/planet-earth.svg HTTP/1.1" 404 196
::1 - - [08/Jun/2022:10:12:26 +0300] "GET /src/index.php HTTP/1.1" 200 1212
::1 - - [08/Jun/2022:10:12:26 +0300] "GET /src/images/planet-earth.svg HTTP/1.1" 404 196
