[Tue Jun 07 22:14:11.655656 2022] [mpm_winnt:notice] [pid 16248:tid 332] AH00455: Apache/2.4.53 (Win64) PHP/8.1.6 configured -- resuming normal operations
[Tue Jun 07 22:14:11.655656 2022] [mpm_winnt:notice] [pid 16248:tid 332] AH00456: Apache Lounge VS16 Server built: May  4 2022 10:41:15
[Tue Jun 07 22:14:11.655656 2022] [core:notice] [pid 16248:tid 332] AH00094: Command line: 'C:\\Apache24\\bin\\httpd.exe -d C:/Apache24'
[Tue Jun 07 22:14:11.659157 2022] [mpm_winnt:notice] [pid 16248:tid 332] AH00418: Parent: Created child process 10300
Apache server shutdown initiated...
pm_winnt:notice] [pid 10300:tid 344] AH00354: Child: Starting 64 worker threads.
[Tue Jun 07 22:15:03.587959 2022] [mpm_winnt:notice] [pid 16248:tid 332] AH00422: Parent: Received shutdown signal -- Shutting down the server.
[Tue Jun 07 22:15:12.227231 2022] [mpm_winnt:notice] [pid 10300:tid 344] AH00364: Child: All worker threads have exited.
[Tue Jun 07 22:15:52.307156 2022] [core:warn] [pid 5216:tid 348] AH00098: pid file C:/Apache24/logs/httpd.pid overwritten -- Unclean shutdown of previous Apache run?
[Tue Jun 07 22:15:52.328165 2022] [mpm_winnt:notice] [pid 5216:tid 348] AH00455: Apache/2.4.53 (Win64) PHP/8.1.6 configured -- resuming normal operations
[Tue Jun 07 22:15:52.328165 2022] [mpm_winnt:notice] [pid 5216:tid 348] AH00456: Apache Lounge VS16 Server built: May  4 2022 10:41:15
[Tue Jun 07 22:15:52.328165 2022] [core:notice] [pid 5216:tid 348] AH00094: Command line: 'C:\\Apache24\\bin\\httpd.exe -d C:/Apache24'
[Tue Jun 07 22:15:52.337712 2022] [mpm_winnt:notice] [pid 5216:tid 348] AH00418: Parent: Created child process 14604
Apache server interrupted...
022] [mpm_winnt:notice] [pid 14604:tid 368] AH00354: Child: Starting 64 worker threads.
[Tue Jun 07 22:15:56.480763 2022] [mpm_winnt:notice] [pid 5216:tid 348] AH00422: Parent: Received shutdown signal -- Shutting down the server.
Apache server interrupted...
[Tue Jun 07 22:15:58.500996 2022] [mpm_winnt:notice] [pid 14604:tid 368] AH00364: Child: All worker threads have exited.
[Tue Jun 07 22:15:58.526593 2022] [mpm_winnt:notice] [pid 5216:tid 348] AH00430: Parent: Child process 14604 exited successfully.
[Tue Jun 07 22:17:01.944430 2022] [mpm_winnt:notice] [pid 4292:tid 328] AH00455: Apache/2.4.53 (Win64) PHP/8.1.6 configured -- resuming normal operations
[Tue Jun 07 22:17:01.944430 2022] [mpm_winnt:notice] [pid 4292:tid 328] AH00456: Apache Lounge VS16 Server built: May  4 2022 10:41:15
[Tue Jun 07 22:17:01.944430 2022] [core:notice] [pid 4292:tid 328] AH00094: Command line: 'C:\\Apache24\\bin\\httpd.exe -d C:/Apache24'
[Tue Jun 07 22:17:01.953519 2022] [mpm_winnt:notice] [pid 4292:tid 328] AH00418: Parent: Created child process 15464
[Tue Jun 07 22:17:02.376275 2022] [mpm_winnt:notice] [pid 15464:tid 356] AH00354: Child: Starting 64 worker threads.
[Tue Jun 07 22:31:13.573618 2022] [php:error] [pid 15464:tid 1172] [client ::1:51762] PHP Fatal error:  Uncaught Error: Undefined constant "f" in D:\\Projects\\EcoWorldWithPHP\\lab4\\index.php:36\nStack trace:\n#0 {main}\n  thrown in D:\\Projects\\EcoWorldWithPHP\\lab4\\index.php on line 36, referer: http://localhost/
[Tue Jun 07 22:39:57.302583 2022] [php:error] [pid 15464:tid 1172] [client ::1:51809] PHP Fatal error:  Uncaught TypeError: Unsupported operand types: string + int in D:\\Projects\\EcoWorldWithPHP\\lab4\\index.php:60\nStack trace:\n#0 {main}\n  thrown in D:\\Projects\\EcoWorldWithPHP\\lab4\\index.php on line 60, referer: http://localhost/
[Tue Jun 07 23:02:49.682390 2022] [php:error] [pid 15464:tid 1172] [client ::1:51922] PHP Parse error:  syntax error, unexpected token "while", expecting "," or ";" in D:\\Projects\\EcoWorldWithPHP\\lab4\\index.php on line 76, referer: http://localhost/
[Tue Jun 07 23:06:15.258524 2022] [php:error] [pid 15464:tid 1176] [client ::1:51937] PHP Parse error:  Unmatched '}' in D:\\Projects\\EcoWorldWithPHP\\lab4\\index.php on line 88, referer: http://localhost/
[Tue Jun 07 23:06:36.399952 2022] [php:warn] [pid 15464:tid 1172] [client ::1:51938] PHP Warning:  Uninitialized string offset 5 in D:\\Projects\\EcoWorldWithPHP\\lab4\\index.php on line 87, referer: http://localhost/
[Tue Jun 07 23:08:50.490440 2022] [php:warn] [pid 15464:tid 1172] [client ::1:51945] PHP Warning:  foreach() argument must be of type array|object, string given in D:\\Projects\\EcoWorldWithPHP\\lab4\\index.php on line 96, referer: http://localhost/
[Wed Jun 08 09:08:30.489979 2022] [mpm_winnt:notice] [pid 6516:tid 328] AH00455: Apache/2.4.53 (Win64) PHP/8.1.7 configured -- resuming normal operations
[Wed Jun 08 09:08:30.489979 2022] [mpm_winnt:notice] [pid 6516:tid 328] AH00456: Apache Lounge VS16 Server built: May  4 2022 10:41:15
[Wed Jun 08 09:08:30.489979 2022] [core:notice] [pid 6516:tid 328] AH00094: Command line: 'C:\\Apache24\\bin\\httpd.exe -d C:/Apache24'
[Wed Jun 08 09:08:30.491980 2022] [mpm_winnt:notice] [pid 6516:tid 328] AH00418: Parent: Created child process 13144
Apache server shutdown initiated...
pm_winnt:notice] [pid 13144:tid 324] AH00354: Child: Starting 64 worker threads.
[Wed Jun 08 09:08:56.383194 2022] [mpm_winnt:notice] [pid 6516:tid 328] AH00422: Parent: Received shutdown signal -- Shutting down the server.
[Wed Jun 08 09:08:58.401249 2022] [mpm_winnt:notice] [pid 13144:tid 324] AH00364: Child: All worker threads have exited.
[Wed Jun 08 09:08:58.422763 2022] [mpm_winnt:notice] [pid 6516:tid 328] AH00430: Parent: Child process 13144 exited successfully.
[Wed Jun 08 09:09:26.587621 2022] [mpm_winnt:notice] [pid 19752:tid 356] AH00455: Apache/2.4.53 (Win64) PHP/8.1.7 configured -- resuming normal operations
[Wed Jun 08 09:09:26.587621 2022] [mpm_winnt:notice] [pid 19752:tid 356] AH00456: Apache Lounge VS16 Server built: May  4 2022 10:41:15
[Wed Jun 08 09:09:26.587621 2022] [core:notice] [pid 19752:tid 356] AH00094: Command line: 'C:\\Apache24\\bin\\httpd.exe -d C:/Apache24'
[Wed Jun 08 09:09:26.593623 2022] [mpm_winnt:notice] [pid 19752:tid 356] AH00418: Parent: Created child process 15908
[Wed Jun 08 09:09:26.890545 2022] [mpm_winnt:notice] [pid 15908:tid 340] AH00354: Child: Starting 64 worker threads.
[Wed Jun 08 09:22:45.276594 2022] [mpm_winnt:notice] [pid 19752:tid 356] AH00422: Parent: Received shutdown signal -- Shutting down the server.
[Wed Jun 08 09:22:47.299450 2022] [mpm_winnt:notice] [pid 15908:tid 340] AH00364: Child: All worker threads have exited.
[Wed Jun 08 09:22:47.317953 2022] [mpm_winnt:notice] [pid 19752:tid 356] AH00430: Parent: Child process 15908 exited successfully.
[Wed Jun 08 09:23:16.853512 2022] [mpm_winnt:notice] [pid 5620:tid 336] AH00455: Apache/2.4.53 (Win64) PHP/8.1.7 configured -- resuming normal operations
[Wed Jun 08 09:23:16.853512 2022] [mpm_winnt:notice] [pid 5620:tid 336] AH00456: Apache Lounge VS16 Server built: May  4 2022 10:41:15
[Wed Jun 08 09:23:16.853512 2022] [core:notice] [pid 5620:tid 336] AH00094: Command line: 'C:\\Apache24\\bin\\httpd.exe -d C:/Apache24'
[Wed Jun 08 09:23:16.853512 2022] [mpm_winnt:notice] [pid 5620:tid 336] AH00418: Parent: Created child process 9404
[Wed Jun 08 09:23:17.378604 2022] [mpm_winnt:notice] [pid 9404:tid 348] AH00354: Child: Starting 64 worker threads.
[Wed Jun 08 09:41:11.927404 2022] [php:error] [pid 9404:tid 1144] [client ::1:50254] PHP Fatal error:  Uncaught PDOException: could not find driver in C:\\Users\\kyrylo.sokyrka\\Repositories\\Personal\\EcoWorldWithPHP\\src\\backend\\Database.php:26\nStack trace:\n#0 C:\\Users\\kyrylo.sokyrka\\Repositories\\Personal\\EcoWorldWithPHP\\src\\backend\\Database.php(26): PDO->__construct('mysql:host=loca...', 'root', 'aa4938nr')\n#1 C:\\Users\\kyrylo.sokyrka\\Repositories\\Personal\\EcoWorldWithPHP\\src\\frontend\\components\\header.php(9): Database::getInstance()\n#2 C:\\Users\\kyrylo.sokyrka\\Repositories\\Personal\\EcoWorldWithPHP\\src\\index.php(12): include('C:\\\\Users\\\\kyrylo...')\n#3 {main}\n  thrown in C:\\Users\\kyrylo.sokyrka\\Repositories\\Personal\\EcoWorldWithPHP\\src\\backend\\Database.php on line 26, referer: http://localhost/
[Wed Jun 08 09:43:10.238638 2022] [php:error] [pid 9404:tid 1144] [client ::1:50270] PHP Parse error:  syntax error, unexpected token ":" in C:\\Users\\kyrylo.sokyrka\\Repositories\\Personal\\EcoWorldWithPHP\\src\\frontend\\components\\header.php on line 9, referer: http://localhost/
[Wed Jun 08 09:43:10.880397 2022] [php:error] [pid 9404:tid 1144] [client ::1:50270] PHP Parse error:  syntax error, unexpected token ":" in C:\\Users\\kyrylo.sokyrka\\Repositories\\Personal\\EcoWorldWithPHP\\src\\frontend\\components\\header.php on line 9, referer: http://localhost/
[Wed Jun 08 09:43:18.761636 2022] [php:error] [pid 9404:tid 1144] [client ::1:50271] PHP Fatal error:  Uncaught PDOException: could not find driver in C:\\Users\\kyrylo.sokyrka\\Repositories\\Personal\\EcoWorldWithPHP\\src\\backend\\Database.php:26\nStack trace:\n#0 C:\\Users\\kyrylo.sokyrka\\Repositories\\Personal\\EcoWorldWithPHP\\src\\backend\\Database.php(26): PDO->__construct('mysql:host=loca...', 'root', 'aa4938nr')\n#1 C:\\Users\\kyrylo.sokyrka\\Repositories\\Personal\\EcoWorldWithPHP\\src\\frontend\\components\\header.php(9): Database::getInstance()\n#2 C:\\Users\\kyrylo.sokyrka\\Repositories\\Personal\\EcoWorldWithPHP\\src\\index.php(12): include('C:\\\\Users\\\\kyrylo...')\n#3 {main}\n  thrown in C:\\Users\\kyrylo.sokyrka\\Repositories\\Personal\\EcoWorldWithPHP\\src\\backend\\Database.php on line 26, referer: http://localhost/
[Wed Jun 08 09:44:28.768911 2022] [php:error] [pid 9404:tid 1144] [client ::1:50323] PHP Fatal error:  Uncaught PDOException: could not find driver in C:\\Users\\kyrylo.sokyrka\\Repositories\\Personal\\EcoWorldWithPHP\\src\\backend\\Database.php:26\nStack trace:\n#0 C:\\Users\\kyrylo.sokyrka\\Repositories\\Personal\\EcoWorldWithPHP\\src\\backend\\Database.php(26): PDO->__construct('mysql:host=loca...', 'root', 'aa4938nr')\n#1 C:\\Users\\kyrylo.sokyrka\\Repositories\\Personal\\EcoWorldWithPHP\\src\\frontend\\components\\header.php(9): Database::getInstance()\n#2 C:\\Users\\kyrylo.sokyrka\\Repositories\\Personal\\EcoWorldWithPHP\\src\\index.php(12): include('C:\\\\Users\\\\kyrylo...')\n#3 {main}\n  thrown in C:\\Users\\kyrylo.sokyrka\\Repositories\\Personal\\EcoWorldWithPHP\\src\\backend\\Database.php on line 26, referer: http://localhost/
[Wed Jun 08 09:44:29.254601 2022] [php:error] [pid 9404:tid 1144] [client ::1:50323] PHP Fatal error:  Uncaught PDOException: could not find driver in C:\\Users\\kyrylo.sokyrka\\Repositories\\Personal\\EcoWorldWithPHP\\src\\backend\\Database.php:26\nStack trace:\n#0 C:\\Users\\kyrylo.sokyrka\\Repositories\\Personal\\EcoWorldWithPHP\\src\\backend\\Database.php(26): PDO->__construct('mysql:host=loca...', 'root', 'aa4938nr')\n#1 C:\\Users\\kyrylo.sokyrka\\Repositories\\Personal\\EcoWorldWithPHP\\src\\frontend\\components\\header.php(9): Database::getInstance()\n#2 C:\\Users\\kyrylo.sokyrka\\Repositories\\Personal\\EcoWorldWithPHP\\src\\index.php(12): include('C:\\\\Users\\\\kyrylo...')\n#3 {main}\n  thrown in C:\\Users\\kyrylo.sokyrka\\Repositories\\Personal\\EcoWorldWithPHP\\src\\backend\\Database.php on line 26, referer: http://localhost/
[Wed Jun 08 09:44:29.613183 2022] [php:error] [pid 9404:tid 1144] [client ::1:50323] PHP Fatal error:  Uncaught PDOException: could not find driver in C:\\Users\\kyrylo.sokyrka\\Repositories\\Personal\\EcoWorldWithPHP\\src\\backend\\Database.php:26\nStack trace:\n#0 C:\\Users\\kyrylo.sokyrka\\Repositories\\Personal\\EcoWorldWithPHP\\src\\backend\\Database.php(26): PDO->__construct('mysql:host=loca...', 'root', 'aa4938nr')\n#1 C:\\Users\\kyrylo.sokyrka\\Repositories\\Personal\\EcoWorldWithPHP\\src\\frontend\\components\\header.php(9): Database::getInstance()\n#2 C:\\Users\\kyrylo.sokyrka\\Repositories\\Personal\\EcoWorldWithPHP\\src\\index.php(12): include('C:\\\\Users\\\\kyrylo...')\n#3 {main}\n  thrown in C:\\Users\\kyrylo.sokyrka\\Repositories\\Personal\\EcoWorldWithPHP\\src\\backend\\Database.php on line 26, referer: http://localhost/
[Wed Jun 08 09:44:29.812955 2022] [php:error] [pid 9404:tid 1144] [client ::1:50323] PHP Fatal error:  Uncaught PDOException: could not find driver in C:\\Users\\kyrylo.sokyrka\\Repositories\\Personal\\EcoWorldWithPHP\\src\\backend\\Database.php:26\nStack trace:\n#0 C:\\Users\\kyrylo.sokyrka\\Repositories\\Personal\\EcoWorldWithPHP\\src\\backend\\Database.php(26): PDO->__construct('mysql:host=loca...', 'root', 'aa4938nr')\n#1 C:\\Users\\kyrylo.sokyrka\\Repositories\\Personal\\EcoWorldWithPHP\\src\\frontend\\components\\header.php(9): Database::getInstance()\n#2 C:\\Users\\kyrylo.sokyrka\\Repositories\\Personal\\EcoWorldWithPHP\\src\\index.php(12): include('C:\\\\Users\\\\kyrylo...')\n#3 {main}\n  thrown in C:\\Users\\kyrylo.sokyrka\\Repositories\\Personal\\EcoWorldWithPHP\\src\\backend\\Database.php on line 26, referer: http://localhost/
[Wed Jun 08 09:44:35.699628 2022] [php:error] [pid 9404:tid 1144] [client ::1:50330] PHP Fatal error:  Uncaught PDOException: could not find driver in C:\\Users\\kyrylo.sokyrka\\Repositories\\Personal\\EcoWorldWithPHP\\src\\backend\\Database.php:26\nStack trace:\n#0 C:\\Users\\kyrylo.sokyrka\\Repositories\\Personal\\EcoWorldWithPHP\\src\\backend\\Database.php(26): PDO->__construct('mysql:host=loca...', 'root', 'aa4938nr')\n#1 C:\\Users\\kyrylo.sokyrka\\Repositories\\Personal\\EcoWorldWithPHP\\src\\frontend\\components\\header.php(9): Database::getInstance()\n#2 C:\\Users\\kyrylo.sokyrka\\Repositories\\Personal\\EcoWorldWithPHP\\src\\index.php(12): include('C:\\\\Users\\\\kyrylo...')\n#3 {main}\n  thrown in C:\\Users\\kyrylo.sokyrka\\Repositories\\Personal\\EcoWorldWithPHP\\src\\backend\\Database.php on line 26
[Wed Jun 08 09:48:46.070077 2022] [php:error] [pid 9404:tid 1144] [client ::1:50371] PHP Fatal error:  Uncaught PDOException: could not find driver in C:\\Users\\kyrylo.sokyrka\\Repositories\\Personal\\EcoWorldWithPHP\\src\\frontend\\components\\header.php:10\nStack trace:\n#0 C:\\Users\\kyrylo.sokyrka\\Repositories\\Personal\\EcoWorldWithPHP\\src\\frontend\\components\\header.php(10): PDO->__construct('mysql:host=loca...', 'root', 'aa4938nr')\n#1 C:\\Users\\kyrylo.sokyrka\\Repositories\\Personal\\EcoWorldWithPHP\\src\\index.php(12): include('C:\\\\Users\\\\kyrylo...')\n#2 {main}\n  thrown in C:\\Users\\kyrylo.sokyrka\\Repositories\\Personal\\EcoWorldWithPHP\\src\\frontend\\components\\header.php on line 10
[Wed Jun 08 09:48:46.754671 2022] [php:error] [pid 9404:tid 1144] [client ::1:50371] PHP Fatal error:  Uncaught PDOException: could not find driver in C:\\Users\\kyrylo.sokyrka\\Repositories\\Personal\\EcoWorldWithPHP\\src\\frontend\\components\\header.php:10\nStack trace:\n#0 C:\\Users\\kyrylo.sokyrka\\Repositories\\Personal\\EcoWorldWithPHP\\src\\frontend\\components\\header.php(10): PDO->__construct('mysql:host=loca...', 'root', 'aa4938nr')\n#1 C:\\Users\\kyrylo.sokyrka\\Repositories\\Personal\\EcoWorldWithPHP\\src\\index.php(12): include('C:\\\\Users\\\\kyrylo...')\n#2 {main}\n  thrown in C:\\Users\\kyrylo.sokyrka\\Repositories\\Personal\\EcoWorldWithPHP\\src\\frontend\\components\\header.php on line 10
[Wed Jun 08 09:51:09.327103 2022] [mpm_winnt:notice] [pid 5620:tid 336] AH00422: Parent: Received shutdown signal -- Shutting down the server.
[Wed Jun 08 09:51:11.341272 2022] [mpm_winnt:notice] [pid 9404:tid 348] AH00364: Child: All worker threads have exited.
[Wed Jun 08 09:51:11.365427 2022] [mpm_winnt:notice] [pid 5620:tid 336] AH00430: Parent: Child process 9404 exited successfully.
PHP Warning:  PHP Startup: Unable to load dynamic library 'mysqli' (tried: C:\\php\\ext\\mysqli (The specified module could not be found), C:\\php\\ext\\php_mysqli.dll (The specified module could not be found)) in Unknown on line 0
PHP Warning:  PHP Startup: Unable to load dynamic library 'pdo_mysql' (tried: C:\\php\\ext\\pdo_mysql (The specified module could not be found), C:\\php\\ext\\php_pdo_mysql.dll (The specified module could not be found)) in Unknown on line 0
[Wed Jun 08 09:51:25.150596 2022] [mpm_winnt:notice] [pid 3852:tid 352] AH00455: Apache/2.4.53 (Win64) PHP/8.1.7 configured -- resuming normal operations
[Wed Jun 08 09:51:25.150596 2022] [mpm_winnt:notice] [pid 3852:tid 352] AH00456: Apache Lounge VS16 Server built: May  4 2022 10:41:15
[Wed Jun 08 09:51:25.150596 2022] [core:notice] [pid 3852:tid 352] AH00094: Command line: 'C:\\Apache24\\bin\\httpd.exe -d C:/Apache24'
[Wed Jun 08 09:51:25.156597 2022] [mpm_winnt:notice] [pid 3852:tid 352] AH00418: Parent: Created child process 8512
PHP Warning:  PHP Startup: Unable to load dynamic library 'mysqli' (tried: C:\\php\\ext\\mysqli (The specified module could not be found), C:\\php\\ext\\php_mysqli.dll (The specified module could not be found)) in Unknown on line 0
PHP Warning:  PHP Startup: Unable to load dynamic library 'pdo_mysql' (tried: C:\\php\\ext\\pdo_mysql (The specified module could not be found), C:\\php\\ext\\php_pdo_mysql.dll (The specified module could not be found)) in Unknown on line 0
[Wed Jun 08 09:51:25.347131 2022] [mpm_winnt:notice] [pid 8512:tid 352] AH00354: Child: Starting 64 worker threads.
[Wed Jun 08 09:51:33.205665 2022] [php:error] [pid 8512:tid 1160] [client ::1:50413] PHP Fatal error:  Uncaught PDOException: could not find driver in C:\\Users\\kyrylo.sokyrka\\Repositories\\Personal\\EcoWorldWithPHP\\src\\frontend\\components\\header.php:10\nStack trace:\n#0 C:\\Users\\kyrylo.sokyrka\\Repositories\\Personal\\EcoWorldWithPHP\\src\\frontend\\components\\header.php(10): PDO->__construct('mysql:host=loca...', 'root', 'aa4938nr')\n#1 C:\\Users\\kyrylo.sokyrka\\Repositories\\Personal\\EcoWorldWithPHP\\src\\index.php(12): include('C:\\\\Users\\\\kyrylo...')\n#2 {main}\n  thrown in C:\\Users\\kyrylo.sokyrka\\Repositories\\Personal\\EcoWorldWithPHP\\src\\frontend\\components\\header.php on line 10
[Wed Jun 08 09:51:33.715040 2022] [php:error] [pid 8512:tid 1144] [client ::1:50416] PHP Fatal error:  Uncaught PDOException: could not find driver in C:\\Users\\kyrylo.sokyrka\\Repositories\\Personal\\EcoWorldWithPHP\\src\\frontend\\components\\header.php:10\nStack trace:\n#0 C:\\Users\\kyrylo.sokyrka\\Repositories\\Personal\\EcoWorldWithPHP\\src\\frontend\\components\\header.php(10): PDO->__construct('mysql:host=loca...', 'root', 'aa4938nr')\n#1 C:\\Users\\kyrylo.sokyrka\\Repositories\\Personal\\EcoWorldWithPHP\\src\\index.php(12): include('C:\\\\Users\\\\kyrylo...')\n#2 {main}\n  thrown in C:\\Users\\kyrylo.sokyrka\\Repositories\\Personal\\EcoWorldWithPHP\\src\\frontend\\components\\header.php on line 10
[Wed Jun 08 09:51:34.063115 2022] [php:error] [pid 8512:tid 1144] [client ::1:50416] PHP Fatal error:  Uncaught PDOException: could not find driver in C:\\Users\\kyrylo.sokyrka\\Repositories\\Personal\\EcoWorldWithPHP\\src\\frontend\\components\\header.php:10\nStack trace:\n#0 C:\\Users\\kyrylo.sokyrka\\Repositories\\Personal\\EcoWorldWithPHP\\src\\frontend\\components\\header.php(10): PDO->__construct('mysql:host=loca...', 'root', 'aa4938nr')\n#1 C:\\Users\\kyrylo.sokyrka\\Repositories\\Personal\\EcoWorldWithPHP\\src\\index.php(12): include('C:\\\\Users\\\\kyrylo...')\n#2 {main}\n  thrown in C:\\Users\\kyrylo.sokyrka\\Repositories\\Personal\\EcoWorldWithPHP\\src\\frontend\\components\\header.php on line 10
[Wed Jun 08 09:51:34.327126 2022] [php:error] [pid 8512:tid 1144] [client ::1:50416] PHP Fatal error:  Uncaught PDOException: could not find driver in C:\\Users\\kyrylo.sokyrka\\Repositories\\Personal\\EcoWorldWithPHP\\src\\frontend\\components\\header.php:10\nStack trace:\n#0 C:\\Users\\kyrylo.sokyrka\\Repositories\\Personal\\EcoWorldWithPHP\\src\\frontend\\components\\header.php(10): PDO->__construct('mysql:host=loca...', 'root', 'aa4938nr')\n#1 C:\\Users\\kyrylo.sokyrka\\Repositories\\Personal\\EcoWorldWithPHP\\src\\index.php(12): include('C:\\\\Users\\\\kyrylo...')\n#2 {main}\n  thrown in C:\\Users\\kyrylo.sokyrka\\Repositories\\Personal\\EcoWorldWithPHP\\src\\frontend\\components\\header.php on line 10
[Wed Jun 08 10:04:07.933584 2022] [php:error] [pid 8512:tid 1144] [client ::1:50607] PHP Fatal error:  Uncaught PDOException: could not find driver in C:\\Users\\kyrylo.sokyrka\\Repositories\\Personal\\EcoWorldWithPHP\\src\\frontend\\components\\header.php:10\nStack trace:\n#0 C:\\Users\\kyrylo.sokyrka\\Repositories\\Personal\\EcoWorldWithPHP\\src\\frontend\\components\\header.php(10): PDO->__construct('mysql:host=loca...', 'root', 'aa4938nr')\n#1 C:\\Users\\kyrylo.sokyrka\\Repositories\\Personal\\EcoWorldWithPHP\\src\\index.php(12): include('C:\\\\Users\\\\kyrylo...')\n#2 {main}\n  thrown in C:\\Users\\kyrylo.sokyrka\\Repositories\\Personal\\EcoWorldWithPHP\\src\\frontend\\components\\header.php on line 10
[Wed Jun 08 10:12:26.006824 2022] [php:error] [pid 8512:tid 1120] [client ::1:50762] PHP Fatal error:  Uncaught PDOException: could not find driver in C:\\Users\\kyrylo.sokyrka\\Repositories\\Personal\\EcoWorldWithPHP\\src\\frontend\\components\\header.php:10\nStack trace:\n#0 C:\\Users\\kyrylo.sokyrka\\Repositories\\Personal\\EcoWorldWithPHP\\src\\frontend\\components\\header.php(10): PDO->__construct('mysql:host=loca...', 'root', 'aa4938nr')\n#1 C:\\Users\\kyrylo.sokyrka\\Repositories\\Personal\\EcoWorldWithPHP\\src\\index.php(12): include('C:\\\\Users\\\\kyrylo...')\n#2 {main}\n  thrown in C:\\Users\\kyrylo.sokyrka\\Repositories\\Personal\\EcoWorldWithPHP\\src\\frontend\\components\\header.php on line 10
[Wed Jun 08 10:12:26.368111 2022] [php:error] [pid 8512:tid 1120] [client ::1:50762] PHP Fatal error:  Uncaught PDOException: could not find driver in C:\\Users\\kyrylo.sokyrka\\Repositories\\Personal\\EcoWorldWithPHP\\src\\frontend\\components\\header.php:10\nStack trace:\n#0 C:\\Users\\kyrylo.sokyrka\\Repositories\\Personal\\EcoWorldWithPHP\\src\\frontend\\components\\header.php(10): PDO->__construct('mysql:host=loca...', 'root', 'aa4938nr')\n#1 C:\\Users\\kyrylo.sokyrka\\Repositories\\Personal\\EcoWorldWithPHP\\src\\index.php(12): include('C:\\\\Users\\\\kyrylo...')\n#2 {main}\n  thrown in C:\\Users\\kyrylo.sokyrka\\Repositories\\Personal\\EcoWorldWithPHP\\src\\frontend\\components\\header.php on line 10
[Wed Jun 08 10:12:26.615009 2022] [php:error] [pid 8512:tid 1120] [client ::1:50762] PHP Fatal error:  Uncaught PDOException: could not find driver in C:\\Users\\kyrylo.sokyrka\\Repositories\\Personal\\EcoWorldWithPHP\\src\\frontend\\components\\header.php:10\nStack trace:\n#0 C:\\Users\\kyrylo.sokyrka\\Repositories\\Personal\\EcoWorldWithPHP\\src\\frontend\\components\\header.php(10): PDO->__construct('mysql:host=loca...', 'root', 'aa4938nr')\n#1 C:\\Users\\kyrylo.sokyrka\\Repositories\\Personal\\EcoWorldWithPHP\\src\\index.php(12): include('C:\\\\Users\\\\kyrylo...')\n#2 {main}\n  thrown in C:\\Users\\kyrylo.sokyrka\\Repositories\\Personal\\EcoWorldWithPHP\\src\\frontend\\components\\header.php on line 10
